2025-11-06 10:11:31.570 [background-preinit] INFO  o.h.validator.internal.util.Version - HV000001: Hibernate Validator 8.0.3.Final
2025-11-06 10:11:31.585 [restartedMain] INFO  c.c.delivery.DeliveryApplication - Starting DeliveryApplication using Java 21.0.8 with PID 3220 (/Users/leehanbeen/Documents/delivery_server/out/production/classes started by leehanbeen in /Users/leehanbeen/Documents/delivery_server)
2025-11-06 10:11:31.586 [restartedMain] INFO  c.c.delivery.DeliveryApplication - The following 1 profile is active: "local"
2025-11-06 10:11:31.599 [restartedMain] INFO  o.s.b.d.e.DevToolsPropertyDefaultsPostProcessor - Devtools property defaults active! Set 'spring.devtools.add-properties' to 'false' to disable
2025-11-06 10:11:31.599 [restartedMain] INFO  o.s.b.d.e.DevToolsPropertyDefaultsPostProcessor - For additional web related logging consider setting the 'logging.level.web' property to 'DEBUG'
2025-11-06 10:11:31.929 [restartedMain] INFO  o.s.d.r.c.RepositoryConfigurationDelegate - Bootstrapping Spring Data JPA repositories in DEFAULT mode.
2025-11-06 10:11:31.952 [restartedMain] INFO  o.s.d.r.c.RepositoryConfigurationDelegate - Finished Spring Data repository scanning in 20 ms. Found 6 JPA repository interfaces.
2025-11-06 10:11:32.217 [restartedMain] INFO  o.s.b.w.e.tomcat.TomcatWebServer - Tomcat initialized with port 3000 (http)
2025-11-06 10:11:32.223 [restartedMain] INFO  o.a.coyote.http11.Http11NioProtocol - Initializing ProtocolHandler ["http-nio-3000"]
2025-11-06 10:11:32.223 [restartedMain] INFO  o.a.catalina.core.StandardService - Starting service [Tomcat]
2025-11-06 10:11:32.223 [restartedMain] INFO  o.a.catalina.core.StandardEngine - Starting Servlet engine: [Apache Tomcat/10.1.48]
2025-11-06 10:11:32.237 [restartedMain] INFO  o.a.c.c.C.[Tomcat].[localhost].[/] - Initializing Spring embedded WebApplicationContext
2025-11-06 10:11:32.237 [restartedMain] INFO  o.s.b.w.s.c.ServletWebServerApplicationContext - Root WebApplicationContext: initialization completed in 637 ms
2025-11-06 10:11:32.246 [restartedMain] ERROR o.s.b.w.e.tomcat.TomcatStarter - Error starting Tomcat context. Exception: org.springframework.beans.factory.UnsatisfiedDependencyException. Message: Error creating bean with name 'loginFilter' defined in file [/Users/leehanbeen/Documents/delivery_server/out/production/classes/com/choga3gan/delivery/global/jwt/LoginFilter.class]: Unsatisfied dependency expressed through constructor parameter 0: Error creating bean with name 'tokenService' defined in file [/Users/leehanbeen/Documents/delivery_server/out/production/classes/com/choga3gan/delivery/global/jwt/TokenService.class]: Unsatisfied dependency expressed through constructor parameter 0: Error creating bean with name 'user.jwt-com.choga3gan.delivery.global.jwt.JwtProperties': Could not bind properties to 'JwtProperties' : prefix=user.jwt, ignoreInvalidFields=false, ignoreUnknownFields=true
2025-11-06 10:11:32.253 [restartedMain] INFO  o.a.catalina.core.StandardService - Stopping service [Tomcat]
2025-11-06 10:11:32.257 [restartedMain] WARN  o.s.b.w.s.c.AnnotationConfigServletWebServerApplicationContext - Exception encountered during context initialization - cancelling refresh attempt: org.springframework.context.ApplicationContextException: Unable to start web server
2025-11-06 10:11:32.261 [restartedMain] INFO  o.s.b.a.l.ConditionEvaluationReportLogger - 

Error starting ApplicationContext. To display the condition evaluation report re-run your application with 'debug' enabled.
2025-11-06 10:11:32.267 [restartedMain] ERROR o.s.b.d.LoggingFailureAnalysisReporter - 

***************************
APPLICATION FAILED TO START
***************************

Description:

Failed to bind properties under 'user.jwt.valid-time' to int:

    Property: user.jwt.valid-time
    Value: "${{JWT_VALID_TIME}}"
    Origin: class path resource [application.yml] - 24:15
    Reason: failed to convert java.lang.String to int (caused by java.lang.NumberFormatException: For input string: "${{JWT_VALID_TIME}}")

Action:

Update your application's configuration

